<?xml version="1.0" encoding="UTF-8"?>
<!-- Generated by org.testng.reporters.JUnitReportReporter -->
<testsuite name="Chrome.ServiceMenuTest_Chrome" tests="18" time="12.797" ignored="0" failures="0" timestamp="27 Mar 2018 02:00:47 GMT" skipped="16" hostname="MTPC410" errors="2">
  <testcase name="initiateDriver" time="10.434" classname="Chrome.ServiceMenuTest_Chrome">
    <error type="org.openqa.selenium.WebDriverException" message="unknown error: cannot determine loading status
from unknown error: cannot determine loading status
from disconnected: received Inspector.detached event
  (Session info: chrome=65.0.3325.181)
  (Driver info: chromedriver=2.37.544315 (730aa6a5fdba159ac9f4c1e8cbc59bf1b5ce12b7),platform=Windows NT 10.0.10586 x86_64) (WARNING: The server did not provide any stacktrace information)
Command duration or timeout: 0 milliseconds
Build info: version: &#039;3.11.0&#039;, revision: &#039;e59cfb3&#039;, time: &#039;2018-03-11T20:26:55.152Z&#039;
System info: host: &#039;MTPC410&#039;, ip: &#039;169.254.150.203&#039;, os.name: &#039;Windows 10&#039;, os.arch: &#039;amd64&#039;, os.version: &#039;10.0&#039;, java.version: &#039;1.8.0_151&#039;
Driver info: org.openqa.selenium.chrome.ChromeDriver
Capabilities {acceptInsecureCerts: false, acceptSslCerts: false, applicationCacheEnabled: false, browserConnectionEnabled: false, browserName: chrome, chrome: {chromedriverVersion: 2.37.544315 (730aa6a5fdba15..., userDataDir: C:\Users\dewak\AppData\Loca...}, cssSelectorsEnabled: true, databaseEnabled: false, handlesAlerts: true, hasTouchScreen: false, javascriptEnabled: true, locationContextEnabled: true, mobileEmulationEnabled: false, nativeEvents: true, networkConnectionEnabled: false, pageLoadStrategy: normal, platform: XP, platformName: XP, rotatable: false, setWindowRect: true, takesHeapSnapshot: true, takesScreenshot: true, unexpectedAlertBehaviour: , unhandledPromptBehavior: , version: 65.0.3325.181, webStorageEnabled: true}
Session ID: a9c37cfd5849f14406af3077d2c2e191">
      <![CDATA[org.openqa.selenium.WebDriverException: unknown error: cannot determine loading status
from unknown error: cannot determine loading status
from disconnected: received Inspector.detached event
  (Session info: chrome=65.0.3325.181)
  (Driver info: chromedriver=2.37.544315 (730aa6a5fdba159ac9f4c1e8cbc59bf1b5ce12b7),platform=Windows NT 10.0.10586 x86_64) (WARNING: The server did not provide any stacktrace information)
Command duration or timeout: 0 milliseconds
Build info: version: '3.11.0', revision: 'e59cfb3', time: '2018-03-11T20:26:55.152Z'
System info: host: 'MTPC410', ip: '169.254.150.203', os.name: 'Windows 10', os.arch: 'amd64', os.version: '10.0', java.version: '1.8.0_151'
Driver info: org.openqa.selenium.chrome.ChromeDriver
Capabilities {acceptInsecureCerts: false, acceptSslCerts: false, applicationCacheEnabled: false, browserConnectionEnabled: false, browserName: chrome, chrome: {chromedriverVersion: 2.37.544315 (730aa6a5fdba15..., userDataDir: C:\Users\dewak\AppData\Loca...}, cssSelectorsEnabled: true, databaseEnabled: false, handlesAlerts: true, hasTouchScreen: false, javascriptEnabled: true, locationContextEnabled: true, mobileEmulationEnabled: false, nativeEvents: true, networkConnectionEnabled: false, pageLoadStrategy: normal, platform: XP, platformName: XP, rotatable: false, setWindowRect: true, takesHeapSnapshot: true, takesScreenshot: true, unexpectedAlertBehaviour: , unhandledPromptBehavior: , version: 65.0.3325.181, webStorageEnabled: true}
Session ID: a9c37cfd5849f14406af3077d2c2e191
	at sun.reflect.NativeConstructorAccessorImpl.newInstance0(Native Method)
	at sun.reflect.NativeConstructorAccessorImpl.newInstance(Unknown Source)
	at sun.reflect.DelegatingConstructorAccessorImpl.newInstance(Unknown Source)
	at java.lang.reflect.Constructor.newInstance(Unknown Source)
	at org.openqa.selenium.remote.ErrorHandler.createThrowable(ErrorHandler.java:214)
	at org.openqa.selenium.remote.ErrorHandler.throwIfResponseFailed(ErrorHandler.java:166)
	at org.openqa.selenium.remote.http.JsonHttpResponseCodec.reconstructValue(JsonHttpResponseCodec.java:40)
	at org.openqa.selenium.remote.http.AbstractHttpResponseCodec.decode(AbstractHttpResponseCodec.java:80)
	at org.openqa.selenium.remote.http.AbstractHttpResponseCodec.decode(AbstractHttpResponseCodec.java:44)
	at org.openqa.selenium.remote.HttpCommandExecutor.execute(HttpCommandExecutor.java:158)
	at org.openqa.selenium.remote.service.DriverCommandExecutor.execute(DriverCommandExecutor.java:83)
	at org.openqa.selenium.remote.RemoteWebDriver.execute(RemoteWebDriver.java:545)
	at org.openqa.selenium.remote.RemoteWebDriver.get(RemoteWebDriver.java:273)
	at Chrome.ServiceMenuTest_Chrome.initiateDriver(ServiceMenuTest_Chrome.java:21)
	at sun.reflect.NativeMethodAccessorImpl.invoke0(Native Method)
	at sun.reflect.NativeMethodAccessorImpl.invoke(Unknown Source)
	at sun.reflect.DelegatingMethodAccessorImpl.invoke(Unknown Source)
	at java.lang.reflect.Method.invoke(Unknown Source)
	at org.testng.internal.MethodInvocationHelper.invokeMethod(MethodInvocationHelper.java:104)
	at org.testng.internal.Invoker.invokeConfigurationMethod(Invoker.java:515)
	at org.testng.internal.Invoker.invokeConfigurations(Invoker.java:217)
	at org.testng.internal.Invoker.invokeMethod(Invoker.java:590)
	at org.testng.internal.Invoker.invokeTestMethod(Invoker.java:851)
	at org.testng.internal.Invoker.invokeTestMethods(Invoker.java:1177)
	at org.testng.internal.TestMethodWorker.invokeTestMethods(TestMethodWorker.java:129)
	at org.testng.internal.TestMethodWorker.run(TestMethodWorker.java:112)
	at org.testng.TestRunner.privateRun(TestRunner.java:756)
	at org.testng.TestRunner.run(TestRunner.java:610)
	at org.testng.SuiteRunner.runTest(SuiteRunner.java:387)
	at org.testng.SuiteRunner.runSequentially(SuiteRunner.java:382)
	at org.testng.SuiteRunner.privateRun(SuiteRunner.java:340)
	at org.testng.SuiteRunner.run(SuiteRunner.java:289)
	at org.testng.SuiteRunnerWorker.runSuite(SuiteRunnerWorker.java:52)
	at org.testng.SuiteRunnerWorker.run(SuiteRunnerWorker.java:86)
	at org.testng.TestNG.runSuitesSequentially(TestNG.java:1293)
	at org.testng.TestNG.runSuitesLocally(TestNG.java:1218)
	at org.testng.TestNG.runSuites(TestNG.java:1133)
	at org.testng.TestNG.run(TestNG.java:1104)
	at org.testng.remote.AbstractRemoteTestNG.run(AbstractRemoteTestNG.java:132)
	at org.testng.remote.RemoteTestNG.initAndRun(RemoteTestNG.java:230)
	at org.testng.remote.RemoteTestNG.main(RemoteTestNG.java:76)
]]>
    </error>
  </testcase> <!-- initiateDriver -->
  <testcase name="SoftwareDesignToolsMenu" time="0.004" classname="Chrome.ServiceMenuTest_Chrome">
    <skipped/>
  </testcase> <!-- SoftwareDesignToolsMenu -->
  <testcase name="LowCodeDevelopmentMenu" time="0.011" classname="Chrome.ServiceMenuTest_Chrome">
    <skipped/>
  </testcase> <!-- LowCodeDevelopmentMenu -->
  <testcase name="JavascriptDevelopmentMenu" time="0.003" classname="Chrome.ServiceMenuTest_Chrome">
    <skipped/>
  </testcase> <!-- JavascriptDevelopmentMenu -->
  <testcase name="EllipseMenu" time="0.000" classname="Chrome.ServiceMenuTest_Chrome">
    <skipped/>
  </testcase> <!-- EllipseMenu -->
  <testcase name="MobileServicesMenu" time="0.000" classname="Chrome.ServiceMenuTest_Chrome">
    <skipped/>
  </testcase> <!-- MobileServicesMenu -->
  <testcase name="UserInteractionDesignMenu" time="0.016" classname="Chrome.ServiceMenuTest_Chrome">
    <skipped/>
  </testcase> <!-- UserInteractionDesignMenu -->
  <testcase name="SoftwareDevelopmentMenu" time="0.005" classname="Chrome.ServiceMenuTest_Chrome">
    <skipped/>
  </testcase> <!-- SoftwareDevelopmentMenu -->
  <testcase name="SoftwareQualityAndTestingMenu" time="0.013" classname="Chrome.ServiceMenuTest_Chrome">
    <skipped/>
  </testcase> <!-- SoftwareQualityAndTestingMenu -->
  <testcase name="WebFrontEndMenu" time="0.015" classname="Chrome.ServiceMenuTest_Chrome">
    <skipped/>
  </testcase> <!-- WebFrontEndMenu -->
  <testcase name="JavaTechnologiesMenu" time="0.016" classname="Chrome.ServiceMenuTest_Chrome">
    <skipped/>
  </testcase> <!-- JavaTechnologiesMenu -->
  <testcase name="ManagedServiceMenu" time="0.005" classname="Chrome.ServiceMenuTest_Chrome">
    <skipped/>
  </testcase> <!-- ManagedServiceMenu -->
  <testcase name="RubyOnRailsDevelopmentMenu" time="0.000" classname="Chrome.ServiceMenuTest_Chrome">
    <skipped/>
  </testcase> <!-- RubyOnRailsDevelopmentMenu -->
  <testcase name="BusinessIntelegenceMenu" time="0.000" classname="Chrome.ServiceMenuTest_Chrome">
    <skipped/>
  </testcase> <!-- BusinessIntelegenceMenu -->
  <testcase name="WebSolutionMenu" time="0.000" classname="Chrome.ServiceMenuTest_Chrome">
    <skipped/>
  </testcase> <!-- WebSolutionMenu -->
  <testcase name="EnterpriseIntegrationMenu" time="0.006" classname="Chrome.ServiceMenuTest_Chrome">
    <skipped/>
  </testcase> <!-- EnterpriseIntegrationMenu -->
  <testcase name="PHPDevelopmentMenu" time="0.002" classname="Chrome.ServiceMenuTest_Chrome">
    <skipped/>
  </testcase> <!-- PHPDevelopmentMenu -->
  <testcase name="MicrosoftWindowsAppsMenu" time="2.267" classname="Chrome.ServiceMenuTest_Chrome">
    <error type="java.lang.IllegalArgumentException" message="Must provide a location for a move action.">
      <![CDATA[java.lang.IllegalArgumentException: Must provide a location for a move action.
	at org.openqa.selenium.interactions.MoveMouseAction.<init>(MoveMouseAction.java:38)
	at org.openqa.selenium.interactions.Actions.moveToElement(Actions.java:388)
	at com.stagingm.com.stagingm.test.ServiceMenu_PO.CLICKmicrosoftWindowsApps(ServiceMenu_PO.java:65)
	at Chrome.ServiceMenuTest_Chrome.MicrosoftWindowsAppsMenu(ServiceMenuTest_Chrome.java:36)
	at sun.reflect.NativeMethodAccessorImpl.invoke0(Native Method)
	at sun.reflect.NativeMethodAccessorImpl.invoke(Unknown Source)
	at sun.reflect.DelegatingMethodAccessorImpl.invoke(Unknown Source)
	at java.lang.reflect.Method.invoke(Unknown Source)
	at org.testng.internal.MethodInvocationHelper.invokeMethod(MethodInvocationHelper.java:104)
	at org.testng.internal.Invoker.invokeMethod(Invoker.java:645)
	at org.testng.internal.Invoker.invokeTestMethod(Invoker.java:851)
	at org.testng.internal.Invoker.invokeTestMethods(Invoker.java:1177)
	at org.testng.internal.TestMethodWorker.invokeTestMethods(TestMethodWorker.java:129)
	at org.testng.internal.TestMethodWorker.run(TestMethodWorker.java:112)
	at org.testng.TestRunner.privateRun(TestRunner.java:756)
	at org.testng.TestRunner.run(TestRunner.java:610)
	at org.testng.SuiteRunner.runTest(SuiteRunner.java:387)
	at org.testng.SuiteRunner.runSequentially(SuiteRunner.java:382)
	at org.testng.SuiteRunner.privateRun(SuiteRunner.java:340)
	at org.testng.SuiteRunner.run(SuiteRunner.java:289)
	at org.testng.SuiteRunnerWorker.runSuite(SuiteRunnerWorker.java:52)
	at org.testng.SuiteRunnerWorker.run(SuiteRunnerWorker.java:86)
	at org.testng.TestNG.runSuitesSequentially(TestNG.java:1293)
	at org.testng.TestNG.runSuitesLocally(TestNG.java:1218)
	at org.testng.TestNG.runSuites(TestNG.java:1133)
	at org.testng.TestNG.run(TestNG.java:1104)
	at org.testng.remote.AbstractRemoteTestNG.run(AbstractRemoteTestNG.java:132)
	at org.testng.remote.RemoteTestNG.initAndRun(RemoteTestNG.java:230)
	at org.testng.remote.RemoteTestNG.main(RemoteTestNG.java:76)
]]>
    </error>
  </testcase> <!-- MicrosoftWindowsAppsMenu -->
</testsuite> <!-- Chrome.ServiceMenuTest_Chrome -->
