<?xml version="1.0" encoding="UTF-8"?>
<!-- Generated by org.testng.reporters.JUnitReportReporter -->
<<<<<<< HEAD
<testsuite name="Chrome.ValidateHomepageLink_TEST" tests="2" time="43.032" ignored="0" failures="0" timestamp="20 Mar 2018 22:31:30 GMT" skipped="0" hostname="MTNB225" errors="0">
  <testcase name="ServiceSofDevLink" time="21.522" classname="Chrome.ValidateHomepageLink_TEST"/>
  <testcase name="AboutUsLink" time="21.510" classname="Chrome.ValidateHomepageLink_TEST"/>
=======
<testsuite name="Chrome.ValidateHomepageLink_TEST" tests="2" time="43.777" ignored="0" failures="0" timestamp="22 Mar 2018 11:09:49 GMT" skipped="0" hostname="mood-PC" errors="0">
  <testcase name="AboutUsLink" time="26.148" classname="Chrome.ValidateHomepageLink_TEST"/>
  <testcase name="ServiceSofDevLink" time="17.629" classname="Chrome.ValidateHomepageLink_TEST"/>
>>>>>>> 47a327fce0a64901052ef6776a41ecca331e1890
</testsuite> <!-- Chrome.ValidateHomepageLink_TEST -->
