<?xml version="1.0" encoding="UTF-8"?>
<!-- Generated by org.testng.reporters.JUnitReportReporter -->
<testsuite name="Chrome.ProductMenuTest_Chrome" tests="14" time="251.242" ignored="0" failures="0" timestamp="27 Mar 2018 09:25:38 GMT" skipped="0" hostname="MTPC410" errors="0">
  <testcase name="PATIENTADMINSYSTEMMenu" time="14.024" classname="Chrome.ProductMenuTest_Chrome"/>
  <testcase name="MiningSoftwareMenu" time="22.796" classname="Chrome.ProductMenuTest_Chrome"/>
  <testcase name="HISMenu" time="13.824" classname="Chrome.ProductMenuTest_Chrome"/>
  <testcase name="CCLASMenu" time="23.692" classname="Chrome.ProductMenuTest_Chrome"/>
  <testcase name="MEDICALSOFTWAREMenu" time="21.319" classname="Chrome.ProductMenuTest_Chrome"/>
  <testcase name="MINEMARKETMenu" time="15.455" classname="Chrome.ProductMenuTest_Chrome"/>
  <testcase name="ELLIPSEMenu" time="15.935" classname="Chrome.ProductMenuTest_Chrome"/>
  <testcase name="LINKONEMenu" time="15.931" classname="Chrome.ProductMenuTest_Chrome"/>
  <testcase name="SPRYSCHEDULERMenu" time="16.489" classname="Chrome.ProductMenuTest_Chrome"/>
  <testcase name="FINANCEFORHOSPITALMenu" time="23.057" classname="Chrome.ProductMenuTest_Chrome"/>
  <testcase name="CLASICMenu" time="23.280" classname="Chrome.ProductMenuTest_Chrome"/>
  <testcase name="OCCUPATIONALHEALTHMenu" time="15.425" classname="Chrome.ProductMenuTest_Chrome"/>
  <testcase name="MINESCAPEMenu" time="15.918" classname="Chrome.ProductMenuTest_Chrome"/>
  <testcase name="MCATMenu" time="14.097" classname="Chrome.ProductMenuTest_Chrome"/>
</testsuite> <!-- Chrome.ProductMenuTest_Chrome -->
