<?xml version="1.0" encoding="UTF-8"?>
<!-- Generated by org.testng.reporters.JUnitReportReporter -->
<testsuite name="Chrome.HomePageTest_Chrome" tests="1" time="15.123" ignored="0" failures="0" timestamp="20 Mar 2018 09:19:53 GMT" skipped="0" hostname="MTPC410" errors="0">
  <testcase name="Accesshomepage" time="15.123" classname="Chrome.HomePageTest_Chrome"/>
</testsuite> <!-- Chrome.HomePageTest_Chrome -->
