<?xml version="1.0" encoding="UTF-8"?>
<!-- Generated by org.testng.reporters.JUnitReportReporter -->
<testsuite name="com.stagingm.com.stagingm.test.ServiceMenuTest_Firefox" tests="1" time="116.488" ignored="0" failures="0" timestamp="20 Mar 2018 05:20:48 GMT" skipped="0" hostname="MTPC410" errors="0">
  <testcase name="AccessServicesMenu" time="116.488" classname="com.stagingm.com.stagingm.test.ServiceMenuTest_Firefox"/>
</testsuite> <!-- com.stagingm.com.stagingm.test.ServiceMenuTest_Firefox -->
