<?xml version="1.0" encoding="UTF-8"?>
<!-- Generated by org.testng.reporters.JUnitReportReporter -->
<testsuite name="Chrome.ServiceMenuTest_Chrome" tests="17" time="259.525" ignored="0" failures="0" timestamp="22 Mar 2018 09:06:40 GMT" skipped="0" hostname="MTPC410" errors="0">
  <testcase name="MobileServicesMenu" time="12.964" classname="Chrome.ServiceMenuTest_Chrome"/>
  <testcase name="MicrosoftWindowsAppsMenu" time="17.537" classname="Chrome.ServiceMenuTest_Chrome"/>
  <testcase name="SoftwareDevelopmentMenu" time="17.217" classname="Chrome.ServiceMenuTest_Chrome"/>
  <testcase name="BusinessIntelegenceMenu" time="17.127" classname="Chrome.ServiceMenuTest_Chrome"/>
  <testcase name="SoftwareQualityAndTestingMenu" time="13.856" classname="Chrome.ServiceMenuTest_Chrome"/>
  <testcase name="WebFrontEndMenu" time="14.277" classname="Chrome.ServiceMenuTest_Chrome"/>
  <testcase name="WebSolutionMenu" time="14.448" classname="Chrome.ServiceMenuTest_Chrome"/>
  <testcase name="ManagedServiceMenu" time="13.255" classname="Chrome.ServiceMenuTest_Chrome"/>
  <testcase name="JavascriptDevelopmentMenu" time="14.522" classname="Chrome.ServiceMenuTest_Chrome"/>
  <testcase name="EllipseMenu" time="14.083" classname="Chrome.ServiceMenuTest_Chrome"/>
  <testcase name="EnterpriseIntegrationMenu" time="15.762" classname="Chrome.ServiceMenuTest_Chrome"/>
  <testcase name="RubyOnRailsDevelopmentMenu" time="14.065" classname="Chrome.ServiceMenuTest_Chrome"/>
  <testcase name="JavaTechnologiesMenu" time="16.218" classname="Chrome.ServiceMenuTest_Chrome"/>
  <testcase name="PHPDevelopmentMenu" time="14.822" classname="Chrome.ServiceMenuTest_Chrome"/>
  <testcase name="SoftwareDesignToolsMenu" time="16.384" classname="Chrome.ServiceMenuTest_Chrome"/>
  <testcase name="UserInteractionDesignMenu" time="14.492" classname="Chrome.ServiceMenuTest_Chrome"/>
  <testcase name="LowCodeDevelopmentMenu" time="18.496" classname="Chrome.ServiceMenuTest_Chrome"/>
</testsuite> <!-- Chrome.ServiceMenuTest_Chrome -->
