<?xml version="1.0" encoding="UTF-8"?>
<!-- Generated by org.testng.reporters.JUnitReportReporter -->
<testsuite name="Chrome.ProductMenuTest_Chrome" tests="14" time="230.545" ignored="0" failures="0" timestamp="22 Mar 2018 06:11:48 GMT" skipped="0" hostname="MTPC410" errors="0">
  <testcase name="ELLIPSEMenu" time="20.052" classname="Chrome.ProductMenuTest_Chrome"/>
  <testcase name="MINEMARKETMenu" time="21.357" classname="Chrome.ProductMenuTest_Chrome"/>
  <testcase name="HISMenu" time="15.088" classname="Chrome.ProductMenuTest_Chrome"/>
  <testcase name="MINESCAPEMenu" time="14.478" classname="Chrome.ProductMenuTest_Chrome"/>
  <testcase name="MCATMenu" time="17.581" classname="Chrome.ProductMenuTest_Chrome"/>
  <testcase name="LINKONEMenu" time="13.164" classname="Chrome.ProductMenuTest_Chrome"/>
  <testcase name="CLASICMenu" time="17.037" classname="Chrome.ProductMenuTest_Chrome"/>
  <testcase name="FINANCEFORHOSPITALMenu" time="13.178" classname="Chrome.ProductMenuTest_Chrome"/>
  <testcase name="SPRYSCHEDULERMenu" time="15.380" classname="Chrome.ProductMenuTest_Chrome"/>
  <testcase name="OCCUPATIONALHEALTHMenu" time="20.723" classname="Chrome.ProductMenuTest_Chrome"/>
  <testcase name="PATIENTADMINSYSTEMMenu" time="17.325" classname="Chrome.ProductMenuTest_Chrome"/>
  <testcase name="MiningSoftwareMenu" time="17.572" classname="Chrome.ProductMenuTest_Chrome"/>
  <testcase name="CCLASMenu" time="13.454" classname="Chrome.ProductMenuTest_Chrome"/>
  <testcase name="MEDICALSOFTWAREMenu" time="14.156" classname="Chrome.ProductMenuTest_Chrome"/>
</testsuite> <!-- Chrome.ProductMenuTest_Chrome -->
