<?xml version="1.0" encoding="UTF-8"?>
<!-- Generated by org.testng.reporters.JUnitReportReporter -->
<testsuite name="Chrome.ProductMenuTest_Chrome" tests="14" time="251.173" ignored="0" failures="0" timestamp="22 Mar 2018 05:28:22 GMT" skipped="0" hostname="MTPC410" errors="0">
  <testcase name="CCLASMenu" time="23.182" classname="Chrome.ProductMenuTest_Chrome"/>
  <testcase name="MiningSoftwareMenu" time="26.372" classname="Chrome.ProductMenuTest_Chrome"/>
  <testcase name="ELLIPSEMenu" time="14.197" classname="Chrome.ProductMenuTest_Chrome"/>
  <testcase name="PATIENTADMINSYSTEMMenu" time="27.081" classname="Chrome.ProductMenuTest_Chrome"/>
  <testcase name="LINKONEMenu" time="14.376" classname="Chrome.ProductMenuTest_Chrome"/>
  <testcase name="MCATMenu" time="14.514" classname="Chrome.ProductMenuTest_Chrome"/>
  <testcase name="OCCUPATIONALHEALTHMenu" time="15.166" classname="Chrome.ProductMenuTest_Chrome"/>
  <testcase name="MEDICALSOFTWAREMenu" time="26.132" classname="Chrome.ProductMenuTest_Chrome"/>
  <testcase name="HISMenu" time="16.838" classname="Chrome.ProductMenuTest_Chrome"/>
  <testcase name="MINESCAPEMenu" time="14.328" classname="Chrome.ProductMenuTest_Chrome"/>
  <testcase name="CLASICMenu" time="15.227" classname="Chrome.ProductMenuTest_Chrome"/>
  <testcase name="FINANCEFORHOSPITALMenu" time="13.991" classname="Chrome.ProductMenuTest_Chrome"/>
  <testcase name="MINEMARKETMenu" time="15.437" classname="Chrome.ProductMenuTest_Chrome"/>
  <testcase name="SPRYSCHEDULERMenu" time="14.332" classname="Chrome.ProductMenuTest_Chrome"/>
</testsuite> <!-- Chrome.ProductMenuTest_Chrome -->
