<?xml version="1.0" encoding="UTF-8"?>
<!-- Generated by org.testng.reporters.JUnitReportReporter -->
<testsuite name="Firefox.ServiceMenuTest_Firefox" tests="10" time="237.166" ignored="7" failures="0" timestamp="22 Mar 2018 10:04:00 GMT" skipped="0" hostname="MTPC410" errors="0">
  <testcase name="EllipseMenu" time="20.122" classname="Firefox.ServiceMenuTest_Firefox"/>
  <testcase name="JavascriptDevelopmentMenu" time="21.905" classname="Firefox.ServiceMenuTest_Firefox"/>
  <testcase name="ManagedServiceMenu" time="22.476" classname="Firefox.ServiceMenuTest_Firefox"/>
  <testcase name="PHPDevelopmentMenu" time="21.880" classname="Firefox.ServiceMenuTest_Firefox"/>
  <testcase name="UserInteractionDesignMenu" time="21.895" classname="Firefox.ServiceMenuTest_Firefox"/>
  <testcase name="EnterpriseIntegrationMenu" time="21.959" classname="Firefox.ServiceMenuTest_Firefox"/>
  <testcase name="SoftwareQualityAndTestingMenu" time="21.465" classname="Firefox.ServiceMenuTest_Firefox"/>
  <testcase name="LowCodeDevelopmentMenu" time="24.176" classname="Firefox.ServiceMenuTest_Firefox"/>
  <testcase name="WebSolutionMenu" time="40.050" classname="Firefox.ServiceMenuTest_Firefox"/>
  <testcase name="SoftwareDevelopmentMenu" time="21.238" classname="Firefox.ServiceMenuTest_Firefox"/>
  <testcase name="JavaTechnologiesMenu" classname="Firefox.ServiceMenuTest_Firefox">
    <skipped/>
  </testcase> <!-- JavaTechnologiesMenu -->
  <testcase name="RubyOnRailsDevelopmentMenu" classname="Firefox.ServiceMenuTest_Firefox">
    <skipped/>
  </testcase> <!-- RubyOnRailsDevelopmentMenu -->
  <testcase name="SoftwareDesignToolsMenu" classname="Firefox.ServiceMenuTest_Firefox">
    <skipped/>
  </testcase> <!-- SoftwareDesignToolsMenu -->
  <testcase name="MicrosoftWindowsAppsMenu" classname="Firefox.ServiceMenuTest_Firefox">
    <skipped/>
  </testcase> <!-- MicrosoftWindowsAppsMenu -->
  <testcase name="BusinessIntelegenceMenu" classname="Firefox.ServiceMenuTest_Firefox">
    <skipped/>
  </testcase> <!-- BusinessIntelegenceMenu -->
  <testcase name="WebFrontEndMenu" classname="Firefox.ServiceMenuTest_Firefox">
    <skipped/>
  </testcase> <!-- WebFrontEndMenu -->
  <testcase name="MobileServicesMenu" classname="Firefox.ServiceMenuTest_Firefox">
    <skipped/>
  </testcase> <!-- MobileServicesMenu -->
</testsuite> <!-- Firefox.ServiceMenuTest_Firefox -->
