<?xml version="1.0" encoding="UTF-8"?>
<!-- Generated by org.testng.reporters.JUnitReportReporter -->
<testsuite name="Firefox.HomepageTest_Firefox" tests="1" time="49.237" ignored="0" failures="0" timestamp="20 Mar 2018 13:29:09 GMT" skipped="0" hostname="MTNB225" errors="0">
  <testcase name="Accesshomepage" time="49.237" classname="Firefox.HomepageTest_Firefox"/>
</testsuite> <!-- Firefox.HomepageTest_Firefox -->
