<?xml version="1.0" encoding="UTF-8"?>
<!-- Generated by org.testng.reporters.JUnitReportReporter -->
<testsuite name="IE11.TestIE11" tests="1" time="0.068" ignored="0" failures="0" timestamp="26 Mar 2018 05:31:33 GMT" skipped="0" hostname="MTPC410" errors="0">
  <testcase name="initiateDriver" time="0.068" classname="IE11.TestIE11"/>
</testsuite> <!-- IE11.TestIE11 -->
