<?xml version="1.0" encoding="UTF-8"?>
<!-- Generated by org.testng.reporters.JUnitReportReporter -->
<testsuite name="IE11.ProductMenuTest_IE11" tests="15" time="0.018" ignored="0" failures="0" timestamp="26 Mar 2018 03:30:27 GMT" skipped="14" hostname="MTPC410" errors="1">
  <testcase name="MINESCAPEMenu" time="0.000" classname="IE11.ProductMenuTest_IE11">
    <skipped/>
  </testcase> <!-- MINESCAPEMenu -->
  <testcase name="CCLASMenu" time="0.000" classname="IE11.ProductMenuTest_IE11">
    <skipped/>
  </testcase> <!-- CCLASMenu -->
  <testcase name="CLASICMenu" time="0.015" classname="IE11.ProductMenuTest_IE11">
    <skipped/>
  </testcase> <!-- CLASICMenu -->
  <testcase name="initiateDriver" time="0.000" classname="IE11.ProductMenuTest_IE11">
    <error type="org.openqa.selenium.WebDriverException" message="java.net.ConnectException: Failed to connect to localhost/0:0:0:0:0:0:0:1:15427
Build info: version: &#039;3.9.0&#039;, revision: &#039;698b3178f0&#039;, time: &#039;2018-02-05T14:26:55.441Z&#039;
System info: host: &#039;MTPC410&#039;, ip: &#039;169.254.232.163&#039;, os.name: &#039;Windows 10&#039;, os.arch: &#039;amd64&#039;, os.version: &#039;10.0&#039;, java.version: &#039;1.8.0_151&#039;
Driver info: driver.version: InternetExplorerDriver">
      <![CDATA[org.openqa.selenium.WebDriverException: java.net.ConnectException: Failed to connect to localhost/0:0:0:0:0:0:0:1:15427
Build info: version: '3.9.0', revision: '698b3178f0', time: '2018-02-05T14:26:55.441Z'
System info: host: 'MTPC410', ip: '169.254.232.163', os.name: 'Windows 10', os.arch: 'amd64', os.version: '10.0', java.version: '1.8.0_151'
Driver info: driver.version: InternetExplorerDriver
	at org.openqa.selenium.remote.service.DriverCommandExecutor.execute(DriverCommandExecutor.java:92)
	at org.openqa.selenium.remote.RemoteWebDriver.execute(RemoteWebDriver.java:601)
	at org.openqa.selenium.remote.RemoteWebDriver.startSession(RemoteWebDriver.java:219)
	at org.openqa.selenium.ie.InternetExplorerDriver.run(InternetExplorerDriver.java:223)
	at org.openqa.selenium.ie.InternetExplorerDriver.<init>(InternetExplorerDriver.java:215)
	at org.openqa.selenium.ie.InternetExplorerDriver.<init>(InternetExplorerDriver.java:152)
	at IE11.ProductMenuTest_IE11.initiateDriver(ProductMenuTest_IE11.java:20)
	at sun.reflect.NativeMethodAccessorImpl.invoke0(Native Method)
	at sun.reflect.NativeMethodAccessorImpl.invoke(Unknown Source)
	at sun.reflect.DelegatingMethodAccessorImpl.invoke(Unknown Source)
	at java.lang.reflect.Method.invoke(Unknown Source)
	at org.testng.internal.MethodInvocationHelper.invokeMethod(MethodInvocationHelper.java:104)
	at org.testng.internal.Invoker.invokeConfigurationMethod(Invoker.java:515)
	at org.testng.internal.Invoker.invokeConfigurations(Invoker.java:217)
	at org.testng.internal.Invoker.invokeMethod(Invoker.java:590)
	at org.testng.internal.Invoker.invokeTestMethod(Invoker.java:851)
	at org.testng.internal.Invoker.invokeTestMethods(Invoker.java:1177)
	at org.testng.internal.TestMethodWorker.invokeTestMethods(TestMethodWorker.java:129)
	at org.testng.internal.TestMethodWorker.run(TestMethodWorker.java:112)
	at org.testng.TestRunner.privateRun(TestRunner.java:756)
	at org.testng.TestRunner.run(TestRunner.java:610)
	at org.testng.SuiteRunner.runTest(SuiteRunner.java:387)
	at org.testng.SuiteRunner.runSequentially(SuiteRunner.java:382)
	at org.testng.SuiteRunner.privateRun(SuiteRunner.java:340)
	at org.testng.SuiteRunner.run(SuiteRunner.java:289)
	at org.testng.SuiteRunnerWorker.runSuite(SuiteRunnerWorker.java:52)
	at org.testng.SuiteRunnerWorker.run(SuiteRunnerWorker.java:86)
	at org.testng.TestNG.runSuitesSequentially(TestNG.java:1293)
	at org.testng.TestNG.runSuitesLocally(TestNG.java:1218)
	at org.testng.TestNG.runSuites(TestNG.java:1133)
	at org.testng.TestNG.run(TestNG.java:1104)
	at org.testng.remote.AbstractRemoteTestNG.run(AbstractRemoteTestNG.java:132)
	at org.testng.remote.RemoteTestNG.initAndRun(RemoteTestNG.java:230)
	at org.testng.remote.RemoteTestNG.main(RemoteTestNG.java:76)
Caused by: java.net.ConnectException: Failed to connect to localhost/0:0:0:0:0:0:0:1:15427
	at okhttp3.internal.connection.RealConnection.connectSocket(RealConnection.java:240)
	at okhttp3.internal.connection.RealConnection.connect(RealConnection.java:158)
	at okhttp3.internal.connection.StreamAllocation.findConnection(StreamAllocation.java:256)
	at okhttp3.internal.connection.StreamAllocation.findHealthyConnection(StreamAllocation.java:134)
	at okhttp3.internal.connection.StreamAllocation.newStream(StreamAllocation.java:113)
	at okhttp3.internal.connection.ConnectInterceptor.intercept(ConnectInterceptor.java:42)
	at okhttp3.internal.http.RealInterceptorChain.proceed(RealInterceptorChain.java:147)
	at okhttp3.internal.http.RealInterceptorChain.proceed(RealInterceptorChain.java:121)
	at okhttp3.internal.cache.CacheInterceptor.intercept(CacheInterceptor.java:93)
	at okhttp3.internal.http.RealInterceptorChain.proceed(RealInterceptorChain.java:147)
	at okhttp3.internal.http.RealInterceptorChain.proceed(RealInterceptorChain.java:121)
	at okhttp3.internal.http.BridgeInterceptor.intercept(BridgeInterceptor.java:93)
	at okhttp3.internal.http.RealInterceptorChain.proceed(RealInterceptorChain.java:147)
	at okhttp3.internal.http.RetryAndFollowUpInterceptor.intercept(RetryAndFollowUpInterceptor.java:125)
	at okhttp3.internal.http.RealInterceptorChain.proceed(RealInterceptorChain.java:147)
	at okhttp3.internal.http.RealInterceptorChain.proceed(RealInterceptorChain.java:121)
	at okhttp3.RealCall.getResponseWithInterceptorChain(RealCall.java:200)
	at okhttp3.RealCall.execute(RealCall.java:77)
	at org.openqa.selenium.remote.internal.OkHttpClient.execute(OkHttpClient.java:97)
	at org.openqa.selenium.remote.internal.OkHttpClient.execute(OkHttpClient.java:47)
	at org.openqa.selenium.remote.ProtocolHandshake.createSession(ProtocolHandshake.java:101)
	at org.openqa.selenium.remote.ProtocolHandshake.createSession(ProtocolHandshake.java:73)
	at org.openqa.selenium.remote.HttpCommandExecutor.execute(HttpCommandExecutor.java:138)
	at org.openqa.selenium.remote.service.DriverCommandExecutor.execute(DriverCommandExecutor.java:83)
	... 33 more
Caused by: java.net.ConnectException: Connection refused: connect
	at java.net.DualStackPlainSocketImpl.waitForConnect(Native Method)
	at java.net.DualStackPlainSocketImpl.socketConnect(Unknown Source)
	at java.net.AbstractPlainSocketImpl.doConnect(Unknown Source)
	at java.net.AbstractPlainSocketImpl.connectToAddress(Unknown Source)
	at java.net.AbstractPlainSocketImpl.connect(Unknown Source)
	at java.net.PlainSocketImpl.connect(Unknown Source)
	at java.net.SocksSocketImpl.connect(Unknown Source)
	at java.net.Socket.connect(Unknown Source)
	at okhttp3.internal.platform.Platform.connectSocket(Platform.java:125)
	at okhttp3.internal.connection.RealConnection.connectSocket(RealConnection.java:238)
	... 56 more
]]>
    </error>
  </testcase> <!-- initiateDriver -->
  <testcase name="ELLIPSEMenu" time="0.000" classname="IE11.ProductMenuTest_IE11">
    <skipped/>
  </testcase> <!-- ELLIPSEMenu -->
  <testcase name="LINKONEMenu" time="0.000" classname="IE11.ProductMenuTest_IE11">
    <skipped/>
  </testcase> <!-- LINKONEMenu -->
  <testcase name="FINANCEFORHOSPITALMenu" time="0.000" classname="IE11.ProductMenuTest_IE11">
    <skipped/>
  </testcase> <!-- FINANCEFORHOSPITALMenu -->
  <testcase name="MCATMenu" time="0.000" classname="IE11.ProductMenuTest_IE11">
    <skipped/>
  </testcase> <!-- MCATMenu -->
  <testcase name="HISMenu" time="0.000" classname="IE11.ProductMenuTest_IE11">
    <skipped/>
  </testcase> <!-- HISMenu -->
  <testcase name="PATIENTADMINSYSTEMMenu" time="0.000" classname="IE11.ProductMenuTest_IE11">
    <skipped/>
  </testcase> <!-- PATIENTADMINSYSTEMMenu -->
  <testcase name="SPRYSCHEDULERMenu" time="0.003" classname="IE11.ProductMenuTest_IE11">
    <skipped/>
  </testcase> <!-- SPRYSCHEDULERMenu -->
  <testcase name="MEDICALSOFTWAREMenu" time="0.000" classname="IE11.ProductMenuTest_IE11">
    <skipped/>
  </testcase> <!-- MEDICALSOFTWAREMenu -->
  <testcase name="MINEMARKETMenu" time="0.000" classname="IE11.ProductMenuTest_IE11">
    <skipped/>
  </testcase> <!-- MINEMARKETMenu -->
  <testcase name="OCCUPATIONALHEALTHMenu" time="0.000" classname="IE11.ProductMenuTest_IE11">
    <skipped/>
  </testcase> <!-- OCCUPATIONALHEALTHMenu -->
  <testcase name="MiningSoftwareMenu" time="0.000" classname="IE11.ProductMenuTest_IE11">
    <skipped/>
  </testcase> <!-- MiningSoftwareMenu -->
</testsuite> <!-- IE11.ProductMenuTest_IE11 -->
