<?xml version="1.0" encoding="UTF-8"?>
<!-- Generated by org.testng.reporters.JUnitReportReporter -->
<testsuite name="fireFox.ServiceMenuTest_Firefox" tests="1" time="102.073" ignored="0" failures="0" timestamp="20 Mar 2018 05:26:34 GMT" skipped="0" hostname="MTPC410" errors="0">
  <testcase name="AccessServicesMenu" time="102.073" classname="fireFox.ServiceMenuTest_Firefox"/>
</testsuite> <!-- fireFox.ServiceMenuTest_Firefox -->
