<?xml version="1.0" encoding="UTF-8"?>
<!-- Generated by org.testng.reporters.JUnitReportReporter -->
<testsuite name="com.stagingm.com.stagingm.test.ServiceMenuTest_Chrome" tests="1" time="135.134" ignored="0" failures="0" timestamp="20 Mar 2018 03:08:11 GMT" skipped="0" hostname="MTPC410" errors="0">
  <testcase name="AccessServicesMenu" time="135.134" classname="com.stagingm.com.stagingm.test.ServiceMenuTest_Chrome"/>
</testsuite> <!-- com.stagingm.com.stagingm.test.ServiceMenuTest_Chrome -->
