<?xml version="1.0" encoding="UTF-8"?>
<!-- Generated by org.testng.reporters.JUnitReportReporter -->
<testsuite name="Chrome.ValidateHomepageLink_TEST" tests="6" time="41.031" ignored="0" failures="0" timestamp="20 Mar 2018 15:24:45 GMT" skipped="0" hostname="MTNB225" errors="0">
  <testcase name="aboutUsLink" time="20.336" classname="Chrome.ValidateHomepageLink_TEST"/>
  <testcase name="contactlLink" time="0.004" classname="Chrome.ValidateHomepageLink_TEST"/>
  <testcase name="ServiceSofDevLink" time="20.674" classname="Chrome.ValidateHomepageLink_TEST"/>
  <testcase name="ProductLink" time="0.006" classname="Chrome.ValidateHomepageLink_TEST"/>
  <testcase name="TestimonialLink" time="0.008" classname="Chrome.ValidateHomepageLink_TEST"/>
  <testcase name="BloglLink" time="0.003" classname="Chrome.ValidateHomepageLink_TEST"/>
</testsuite> <!-- Chrome.ValidateHomepageLink_TEST -->
