<?xml version="1.0" encoding="UTF-8"?>
<!-- Generated by org.testng.reporters.JUnitReportReporter -->
<testsuite name="Firefox.ServiceMenuTest_Firefox" tests="17" time="0.116" ignored="0" failures="0" timestamp="21 Mar 2018 16:45:56 GMT" skipped="16" hostname="DEWAK-PC" errors="1">
  <testcase name="SoftwareQualityAndTestingMenu" time="0.005" classname="Firefox.ServiceMenuTest_Firefox">
    <skipped/>
  </testcase> <!-- SoftwareQualityAndTestingMenu -->
  <testcase name="WebSolutionMenu" time="0.002" classname="Firefox.ServiceMenuTest_Firefox">
    <skipped/>
  </testcase> <!-- WebSolutionMenu -->
  <testcase name="LowCodeDevelopmentMenu" time="0.002" classname="Firefox.ServiceMenuTest_Firefox">
    <skipped/>
  </testcase> <!-- LowCodeDevelopmentMenu -->
  <testcase name="ManagedServiceMenu" time="0.002" classname="Firefox.ServiceMenuTest_Firefox">
    <skipped/>
  </testcase> <!-- ManagedServiceMenu -->
  <testcase name="WebFrontEndMenu" time="0.012" classname="Firefox.ServiceMenuTest_Firefox">
    <skipped/>
  </testcase> <!-- WebFrontEndMenu -->
  <testcase name="PHPDevelopmentMenu" time="0.002" classname="Firefox.ServiceMenuTest_Firefox">
    <skipped/>
  </testcase> <!-- PHPDevelopmentMenu -->
  <testcase name="JavascriptDevelopmentMenu" time="0.002" classname="Firefox.ServiceMenuTest_Firefox">
    <skipped/>
  </testcase> <!-- JavascriptDevelopmentMenu -->
  <testcase name="JavaTechnologiesMenu" time="0.010" classname="Firefox.ServiceMenuTest_Firefox">
    <skipped/>
  </testcase> <!-- JavaTechnologiesMenu -->
  <testcase name="RubyOnRailsDevelopmentMenu" time="0.002" classname="Firefox.ServiceMenuTest_Firefox">
    <skipped/>
  </testcase> <!-- RubyOnRailsDevelopmentMenu -->
  <testcase name="UserInteractionDesignMenu" time="0.002" classname="Firefox.ServiceMenuTest_Firefox">
    <skipped/>
  </testcase> <!-- UserInteractionDesignMenu -->
  <testcase name="MobileServicesMenu" time="0.051" classname="Firefox.ServiceMenuTest_Firefox">
    <skipped/>
  </testcase> <!-- MobileServicesMenu -->
  <testcase name="BusinessIntelegenceMenu" time="0.002" classname="Firefox.ServiceMenuTest_Firefox">
    <skipped/>
  </testcase> <!-- BusinessIntelegenceMenu -->
  <testcase name="EllipseMenu" time="0.000" classname="Firefox.ServiceMenuTest_Firefox">
    <skipped/>
  </testcase> <!-- EllipseMenu -->
  <testcase name="EnterpriseIntegrationMenu" time="0.000" classname="Firefox.ServiceMenuTest_Firefox">
    <skipped/>
  </testcase> <!-- EnterpriseIntegrationMenu -->
  <testcase name="MicrosoftWindowsAppsMenu" time="0.020" classname="Firefox.ServiceMenuTest_Firefox">
    <skipped/>
  </testcase> <!-- MicrosoftWindowsAppsMenu -->
  <testcase name="SoftwareDesignToolsMenu" time="0.002" classname="Firefox.ServiceMenuTest_Firefox">
    <skipped/>
  </testcase> <!-- SoftwareDesignToolsMenu -->
  <testcase name="initiateDriver" time="0.000" classname="Firefox.ServiceMenuTest_Firefox">
    <error type="org.openqa.selenium.WebDriverException" message="org.apache.http.conn.HttpHostConnectException: Connect to localhost:11645 [localhost/127.0.0.1, localhost/0:0:0:0:0:0:0:1] failed: Connection refused: connect
Build info: version: &#039;3.4.0&#039;, revision: &#039;unknown&#039;, time: &#039;unknown&#039;
System info: host: &#039;DEWAK-PC&#039;, ip: &#039;192.168.1.100&#039;, os.name: &#039;Windows 7&#039;, os.arch: &#039;x86&#039;, os.version: &#039;6.1&#039;, java.version: &#039;1.8.0_131&#039;
Driver info: driver.version: FirefoxDriver">
      <![CDATA[org.openqa.selenium.WebDriverException: org.apache.http.conn.HttpHostConnectException: Connect to localhost:11645 [localhost/127.0.0.1, localhost/0:0:0:0:0:0:0:1] failed: Connection refused: connect
Build info: version: '3.4.0', revision: 'unknown', time: 'unknown'
System info: host: 'DEWAK-PC', ip: '192.168.1.100', os.name: 'Windows 7', os.arch: 'x86', os.version: '6.1', java.version: '1.8.0_131'
Driver info: driver.version: FirefoxDriver
	at org.openqa.selenium.remote.service.DriverCommandExecutor.execute(DriverCommandExecutor.java:91)
	at org.openqa.selenium.remote.RemoteWebDriver.execute(RemoteWebDriver.java:637)
	at org.openqa.selenium.remote.RemoteWebDriver.startSession(RemoteWebDriver.java:250)
	at org.openqa.selenium.remote.RemoteWebDriver.startSession(RemoteWebDriver.java:236)
	at org.openqa.selenium.remote.RemoteWebDriver.<init>(RemoteWebDriver.java:137)
	at org.openqa.selenium.firefox.FirefoxDriver.<init>(FirefoxDriver.java:191)
	at org.openqa.selenium.firefox.FirefoxDriver.<init>(FirefoxDriver.java:108)
	at org.openqa.selenium.firefox.FirefoxDriver.<init>(FirefoxDriver.java:104)
	at Firefox.ServiceMenuTest_Firefox.initiateDriver(ServiceMenuTest_Firefox.java:22)
	at sun.reflect.NativeMethodAccessorImpl.invoke0(Native Method)
	at sun.reflect.NativeMethodAccessorImpl.invoke(Unknown Source)
	at sun.reflect.DelegatingMethodAccessorImpl.invoke(Unknown Source)
	at java.lang.reflect.Method.invoke(Unknown Source)
	at org.testng.internal.MethodInvocationHelper.invokeMethod(MethodInvocationHelper.java:104)
	at org.testng.internal.Invoker.invokeConfigurationMethod(Invoker.java:515)
	at org.testng.internal.Invoker.invokeConfigurations(Invoker.java:217)
	at org.testng.internal.Invoker.invokeMethod(Invoker.java:590)
	at org.testng.internal.Invoker.invokeTestMethod(Invoker.java:851)
	at org.testng.internal.Invoker.invokeTestMethods(Invoker.java:1177)
	at org.testng.internal.TestMethodWorker.invokeTestMethods(TestMethodWorker.java:129)
	at org.testng.internal.TestMethodWorker.run(TestMethodWorker.java:112)
	at org.testng.TestRunner.privateRun(TestRunner.java:756)
	at org.testng.TestRunner.run(TestRunner.java:610)
	at org.testng.SuiteRunner.runTest(SuiteRunner.java:387)
	at org.testng.SuiteRunner.runSequentially(SuiteRunner.java:382)
	at org.testng.SuiteRunner.privateRun(SuiteRunner.java:340)
	at org.testng.SuiteRunner.run(SuiteRunner.java:289)
	at org.testng.SuiteRunnerWorker.runSuite(SuiteRunnerWorker.java:52)
	at org.testng.SuiteRunnerWorker.run(SuiteRunnerWorker.java:86)
	at org.testng.TestNG.runSuitesSequentially(TestNG.java:1293)
	at org.testng.TestNG.runSuitesLocally(TestNG.java:1218)
	at org.testng.TestNG.runSuites(TestNG.java:1133)
	at org.testng.TestNG.run(TestNG.java:1104)
	at org.testng.remote.AbstractRemoteTestNG.run(AbstractRemoteTestNG.java:132)
	at org.testng.remote.RemoteTestNG.initAndRun(RemoteTestNG.java:230)
	at org.testng.remote.RemoteTestNG.main(RemoteTestNG.java:76)
Caused by: org.apache.http.conn.HttpHostConnectException: Connect to localhost:11645 [localhost/127.0.0.1, localhost/0:0:0:0:0:0:0:1] failed: Connection refused: connect
	at org.apache.http.impl.conn.DefaultHttpClientConnectionOperator.connect(DefaultHttpClientConnectionOperator.java:159)
	at org.apache.http.impl.conn.PoolingHttpClientConnectionManager.connect(PoolingHttpClientConnectionManager.java:359)
	at org.apache.http.impl.execchain.MainClientExec.establishRoute(MainClientExec.java:381)
	at org.apache.http.impl.execchain.MainClientExec.execute(MainClientExec.java:237)
	at org.apache.http.impl.execchain.ProtocolExec.execute(ProtocolExec.java:185)
	at org.apache.http.impl.execchain.RetryExec.execute(RetryExec.java:89)
	at org.apache.http.impl.execchain.RedirectExec.execute(RedirectExec.java:111)
	at org.apache.http.impl.client.InternalHttpClient.doExecute(InternalHttpClient.java:185)
	at org.apache.http.impl.client.CloseableHttpClient.execute(CloseableHttpClient.java:72)
	at org.apache.http.impl.client.CloseableHttpClient.execute(CloseableHttpClient.java:56)
	at org.openqa.selenium.remote.internal.ApacheHttpClient.fallBackExecute(ApacheHttpClient.java:139)
	at org.openqa.selenium.remote.internal.ApacheHttpClient.execute(ApacheHttpClient.java:87)
	at org.openqa.selenium.remote.ProtocolHandshake.createSession(ProtocolHandshake.java:343)
	at org.openqa.selenium.remote.ProtocolHandshake.createSession(ProtocolHandshake.java:159)
	at org.openqa.selenium.remote.HttpCommandExecutor.execute(HttpCommandExecutor.java:142)
	at org.openqa.selenium.remote.service.DriverCommandExecutor.execute(DriverCommandExecutor.java:82)
	... 35 more
Caused by: java.net.ConnectException: Connection refused: connect
	at java.net.DualStackPlainSocketImpl.waitForConnect(Native Method)
	at java.net.DualStackPlainSocketImpl.socketConnect(Unknown Source)
	at java.net.AbstractPlainSocketImpl.doConnect(Unknown Source)
	at java.net.AbstractPlainSocketImpl.connectToAddress(Unknown Source)
	at java.net.AbstractPlainSocketImpl.connect(Unknown Source)
	at java.net.PlainSocketImpl.connect(Unknown Source)
	at java.net.SocksSocketImpl.connect(Unknown Source)
	at java.net.Socket.connect(Unknown Source)
	at org.apache.http.conn.socket.PlainConnectionSocketFactory.connectSocket(PlainConnectionSocketFactory.java:75)
	at org.apache.http.impl.conn.DefaultHttpClientConnectionOperator.connect(DefaultHttpClientConnectionOperator.java:142)
	... 50 more
]]>
    </error>
  </testcase> <!-- initiateDriver -->
</testsuite> <!-- Firefox.ServiceMenuTest_Firefox -->
