<?xml version="1.0" encoding="UTF-8"?>
<!-- Generated by org.testng.reporters.JUnitReportReporter -->
<testsuite name="Chrome.SiteMapTest_Chrome" tests="6" time="111.988" ignored="0" failures="0" timestamp="02 Apr 2018 03:05:50 GMT" skipped="0" hostname="MTPC410" errors="0">
  <testcase name="AboutUsLink" time="22.900" classname="Chrome.SiteMapTest_Chrome"/>
  <testcase name="EllipseLink" time="16.352" classname="Chrome.SiteMapTest_Chrome"/>
  <testcase name="MicrosoftWebSolutionsLink" time="13.705" classname="Chrome.SiteMapTest_Chrome"/>
  <testcase name="SoftwareDevelopmentLink" time="14.903" classname="Chrome.SiteMapTest_Chrome"/>
  <testcase name="MicrosoftWindowsApplicationsLink" time="24.840" classname="Chrome.SiteMapTest_Chrome"/>
  <testcase name="MobileServicesLink" time="19.288" classname="Chrome.SiteMapTest_Chrome"/>
</testsuite> <!-- Chrome.SiteMapTest_Chrome -->
