<?xml version="1.0" encoding="UTF-8"?>
<!-- Generated by org.testng.reporters.JUnitReportReporter -->
<testsuite name="Firefox.ProductMenuTest_Firefox" tests="1" time="118.908" ignored="13" failures="0" timestamp="22 Mar 2018 05:20:27 GMT" skipped="0" hostname="MTPC410" errors="0">
  <testcase name="HISMenu" time="118.908" classname="Firefox.ProductMenuTest_Firefox"/>
  <testcase name="OCCUPATIONALHEALTHMenu" classname="Firefox.ProductMenuTest_Firefox">
    <skipped/>
  </testcase> <!-- OCCUPATIONALHEALTHMenu -->
  <testcase name="PATIENTADMINSYSTEMMenu" classname="Firefox.ProductMenuTest_Firefox">
    <skipped/>
  </testcase> <!-- PATIENTADMINSYSTEMMenu -->
  <testcase name="MiningSoftwareMenu" classname="Firefox.ProductMenuTest_Firefox">
    <skipped/>
  </testcase> <!-- MiningSoftwareMenu -->
  <testcase name="CLASICMenu" classname="Firefox.ProductMenuTest_Firefox">
    <skipped/>
  </testcase> <!-- CLASICMenu -->
  <testcase name="LINKONEMenu" classname="Firefox.ProductMenuTest_Firefox">
    <skipped/>
  </testcase> <!-- LINKONEMenu -->
  <testcase name="FINANCEFORHOSPITALMenu" classname="Firefox.ProductMenuTest_Firefox">
    <skipped/>
  </testcase> <!-- FINANCEFORHOSPITALMenu -->
  <testcase name="MINESCAPEMenu" classname="Firefox.ProductMenuTest_Firefox">
    <skipped/>
  </testcase> <!-- MINESCAPEMenu -->
  <testcase name="CCLASMenu" classname="Firefox.ProductMenuTest_Firefox">
    <skipped/>
  </testcase> <!-- CCLASMenu -->
  <testcase name="MEDICALSOFTWAREMenu" classname="Firefox.ProductMenuTest_Firefox">
    <skipped/>
  </testcase> <!-- MEDICALSOFTWAREMenu -->
  <testcase name="MINEMARKETMenu" classname="Firefox.ProductMenuTest_Firefox">
    <skipped/>
  </testcase> <!-- MINEMARKETMenu -->
  <testcase name="SPRYSCHEDULERMenu" classname="Firefox.ProductMenuTest_Firefox">
    <skipped/>
  </testcase> <!-- SPRYSCHEDULERMenu -->
  <testcase name="ELLIPSEMenu" classname="Firefox.ProductMenuTest_Firefox">
    <skipped/>
  </testcase> <!-- ELLIPSEMenu -->
  <testcase name="MCATMenu" classname="Firefox.ProductMenuTest_Firefox">
    <skipped/>
  </testcase> <!-- MCATMenu -->
</testsuite> <!-- Firefox.ProductMenuTest_Firefox -->
