<?xml version="1.0" encoding="UTF-8"?>
<!-- Generated by org.testng.reporters.JUnitReportReporter -->
<testsuite name="Chrome.SiteMapTest_Chrome" tests="6" time="103.941" ignored="0" failures="0" timestamp="27 Mar 2018 09:11:40 GMT" skipped="0" hostname="MTPC410" errors="0">
  <testcase name="AboutUsLink" time="23.109" classname="Chrome.SiteMapTest_Chrome"/>
  <testcase name="EllipseLink" time="14.901" classname="Chrome.SiteMapTest_Chrome"/>
  <testcase name="MicrosoftWebSolutionsLink" time="14.331" classname="Chrome.SiteMapTest_Chrome"/>
  <testcase name="SoftwareDevelopmentLink" time="15.741" classname="Chrome.SiteMapTest_Chrome"/>
  <testcase name="MicrosoftWindowsApplicationsLink" time="16.241" classname="Chrome.SiteMapTest_Chrome"/>
  <testcase name="MobileServicesLink" time="19.618" classname="Chrome.SiteMapTest_Chrome"/>
</testsuite> <!-- Chrome.SiteMapTest_Chrome -->
