<?xml version="1.0" encoding="UTF-8"?>
<!-- Generated by org.testng.reporters.JUnitReportReporter -->
<testsuite name="Chrome.ValidateHomepageLink_TEST" tests="2" time="37.716" ignored="0" failures="0" timestamp="20 Mar 2018 17:51:04 GMT" skipped="0" hostname="MTNB225" errors="0">
  <testcase name="aboutUsLink" time="21.045" classname="Chrome.ValidateHomepageLink_TEST"/>
  <testcase name="ServiceSofDevLink" time="16.671" classname="Chrome.ValidateHomepageLink_TEST"/>
</testsuite> <!-- Chrome.ValidateHomepageLink_TEST -->
