<?xml version="1.0" encoding="UTF-8"?>
<!-- Generated by org.testng.reporters.JUnitReportReporter -->
<testsuite name="Chrome.ProductMenuTest_Chrome" tests="14" time="256.436" ignored="0" failures="0" timestamp="22 Mar 2018 06:39:10 GMT" skipped="0" hostname="MTPC410" errors="0">
  <testcase name="CCLASMenu" time="13.541" classname="Chrome.ProductMenuTest_Chrome"/>
  <testcase name="MiningSoftwareMenu" time="12.396" classname="Chrome.ProductMenuTest_Chrome"/>
  <testcase name="ELLIPSEMenu" time="14.577" classname="Chrome.ProductMenuTest_Chrome"/>
  <testcase name="PATIENTADMINSYSTEMMenu" time="32.676" classname="Chrome.ProductMenuTest_Chrome"/>
  <testcase name="LINKONEMenu" time="15.731" classname="Chrome.ProductMenuTest_Chrome"/>
  <testcase name="MCATMenu" time="24.160" classname="Chrome.ProductMenuTest_Chrome"/>
  <testcase name="OCCUPATIONALHEALTHMenu" time="20.996" classname="Chrome.ProductMenuTest_Chrome"/>
  <testcase name="MEDICALSOFTWAREMenu" time="19.510" classname="Chrome.ProductMenuTest_Chrome"/>
  <testcase name="HISMenu" time="14.734" classname="Chrome.ProductMenuTest_Chrome"/>
  <testcase name="MINESCAPEMenu" time="16.066" classname="Chrome.ProductMenuTest_Chrome"/>
  <testcase name="CLASICMenu" time="23.047" classname="Chrome.ProductMenuTest_Chrome"/>
  <testcase name="FINANCEFORHOSPITALMenu" time="13.479" classname="Chrome.ProductMenuTest_Chrome"/>
  <testcase name="MINEMARKETMenu" time="23.246" classname="Chrome.ProductMenuTest_Chrome"/>
  <testcase name="SPRYSCHEDULERMenu" time="12.277" classname="Chrome.ProductMenuTest_Chrome"/>
</testsuite> <!-- Chrome.ProductMenuTest_Chrome -->
