<?xml version="1.0" encoding="UTF-8"?>
<!-- Generated by org.testng.reporters.JUnitReportReporter -->
<testsuite name="Firefox.MiningSoftwareServicesTest_Firefox" tests="8" time="176.875" ignored="0" failures="0" timestamp="12 Apr 2018 10:36:47 GMT" skipped="0" hostname="MTPC410" errors="0">
  <testcase name="Ellipse_icon" time="19.441" classname="Firefox.MiningSoftwareServicesTest_Firefox"/>
  <testcase name="SpryScheduler_icon" time="30.664" classname="Firefox.MiningSoftwareServicesTest_Firefox"/>
  <testcase name="CCLASicon" time="19.830" classname="Firefox.MiningSoftwareServicesTest_Firefox"/>
  <testcase name="MineMarket_icon" time="19.333" classname="Firefox.MiningSoftwareServicesTest_Firefox"/>
  <testcase name="MCat_icon" time="23.374" classname="Firefox.MiningSoftwareServicesTest_Firefox"/>
  <testcase name="LinkOne_icon" time="24.032" classname="Firefox.MiningSoftwareServicesTest_Firefox"/>
  <testcase name="MineScape_icon" time="20.488" classname="Firefox.MiningSoftwareServicesTest_Firefox"/>
  <testcase name="Classic_icon" time="19.713" classname="Firefox.MiningSoftwareServicesTest_Firefox"/>
</testsuite> <!-- Firefox.MiningSoftwareServicesTest_Firefox -->
