<?xml version="1.0" encoding="UTF-8"?>
<!-- Generated by org.testng.reporters.JUnitReportReporter -->
<testsuite name="Chrome.MiningSoftwareServiceTest_Chrome" tests="8" time="110.920" ignored="0" failures="0" timestamp="12 Apr 2018 10:30:05 GMT" skipped="0" hostname="MTPC410" errors="0">
  <testcase name="MineScape_icon" time="12.294" classname="Chrome.MiningSoftwareServiceTest_Chrome"/>
  <testcase name="Classic_icon" time="12.811" classname="Chrome.MiningSoftwareServiceTest_Chrome"/>
  <testcase name="Ellipse_icon" time="11.939" classname="Chrome.MiningSoftwareServiceTest_Chrome"/>
  <testcase name="MineMarket_icon" time="12.286" classname="Chrome.MiningSoftwareServiceTest_Chrome"/>
  <testcase name="MCat_icon" time="13.444" classname="Chrome.MiningSoftwareServiceTest_Chrome"/>
  <testcase name="LinkOne_icon" time="13.167" classname="Chrome.MiningSoftwareServiceTest_Chrome"/>
  <testcase name="SpryScheduler_icon" time="20.294" classname="Chrome.MiningSoftwareServiceTest_Chrome"/>
  <testcase name="CCLASicon" time="14.685" classname="Chrome.MiningSoftwareServiceTest_Chrome"/>
</testsuite> <!-- Chrome.MiningSoftwareServiceTest_Chrome -->
