<?xml version="1.0" encoding="UTF-8"?>
<!-- Generated by org.testng.reporters.JUnitReportReporter -->
<testsuite name="Chrome.ServiceMenuTest_Chrome" tests="1" time="142.053" ignored="0" failures="0" timestamp="20 Mar 2018 03:39:40 GMT" skipped="0" hostname="MTPC410" errors="0">
  <testcase name="AccessServicesMenu" time="142.053" classname="Chrome.ServiceMenuTest_Chrome"/>
</testsuite> <!-- Chrome.ServiceMenuTest_Chrome -->
