<?xml version="1.0" encoding="UTF-8"?>
<!-- Generated by org.testng.reporters.JUnitReportReporter -->
<testsuite name="Chrome.ServiceMenuTest_Chrome" tests="17" time="268.984" ignored="0" failures="0" timestamp="12 Apr 2018 03:13:10 GMT" skipped="0" hostname="MTPC410" errors="0">
  <testcase name="SoftwareQualityAndTestingMenu" time="14.171" classname="Chrome.ServiceMenuTest_Chrome"/>
  <testcase name="MicrosoftWindowsAppsMenu" time="18.950" classname="Chrome.ServiceMenuTest_Chrome"/>
  <testcase name="EnterpriseIntegrationMenu" time="14.164" classname="Chrome.ServiceMenuTest_Chrome"/>
  <testcase name="MobileServicesMenu" time="13.626" classname="Chrome.ServiceMenuTest_Chrome"/>
  <testcase name="EllipseMenu" time="14.864" classname="Chrome.ServiceMenuTest_Chrome"/>
  <testcase name="SoftwareDesignToolsMenu" time="14.311" classname="Chrome.ServiceMenuTest_Chrome"/>
  <testcase name="ManagedServiceMenu" time="14.391" classname="Chrome.ServiceMenuTest_Chrome"/>
  <testcase name="BusinessIntelegenceMenu" time="13.754" classname="Chrome.ServiceMenuTest_Chrome"/>
  <testcase name="LowCodeDevelopmentMenu" time="15.185" classname="Chrome.ServiceMenuTest_Chrome"/>
  <testcase name="WebFrontEndMenu" time="14.413" classname="Chrome.ServiceMenuTest_Chrome"/>
  <testcase name="UserInteractionDesignMenu" time="19.028" classname="Chrome.ServiceMenuTest_Chrome"/>
  <testcase name="PHPDevelopmentMenu" time="15.440" classname="Chrome.ServiceMenuTest_Chrome"/>
  <testcase name="JavaTechnologiesMenu" time="14.173" classname="Chrome.ServiceMenuTest_Chrome"/>
  <testcase name="JavascriptDevelopmentMenu" time="18.714" classname="Chrome.ServiceMenuTest_Chrome"/>
  <testcase name="RubyOnRailsDevelopmentMenu" time="23.603" classname="Chrome.ServiceMenuTest_Chrome"/>
  <testcase name="SoftwareDevelopmentMenu" time="15.687" classname="Chrome.ServiceMenuTest_Chrome"/>
  <testcase name="WebSolutionMenu" time="14.510" classname="Chrome.ServiceMenuTest_Chrome"/>
</testsuite> <!-- Chrome.ServiceMenuTest_Chrome -->
