<?xml version="1.0" encoding="UTF-8"?>
<!-- Generated by org.testng.reporters.JUnitReportReporter -->
<testsuite name="Firefox.ServiceMenuTest_Firefox" tests="17" time="411.491" ignored="0" failures="0" timestamp="12 Apr 2018 03:28:03 GMT" skipped="0" hostname="MTPC410" errors="0">
  <testcase name="PHPDevelopmentMenu" time="27.335" classname="Firefox.ServiceMenuTest_Firefox"/>
  <testcase name="LowCodeDevelopmentMenu" time="20.736" classname="Firefox.ServiceMenuTest_Firefox"/>
  <testcase name="MicrosoftWindowsAppsMenu" time="21.179" classname="Firefox.ServiceMenuTest_Firefox"/>
  <testcase name="JavaTechnologiesMenu" time="20.195" classname="Firefox.ServiceMenuTest_Firefox"/>
  <testcase name="UserInteractionDesignMenu" time="31.101" classname="Firefox.ServiceMenuTest_Firefox"/>
  <testcase name="WebSolutionMenu" time="31.495" classname="Firefox.ServiceMenuTest_Firefox"/>
  <testcase name="EllipseMenu" time="20.221" classname="Firefox.ServiceMenuTest_Firefox"/>
  <testcase name="EnterpriseIntegrationMenu" time="22.699" classname="Firefox.ServiceMenuTest_Firefox"/>
  <testcase name="BusinessIntelegenceMenu" time="21.528" classname="Firefox.ServiceMenuTest_Firefox"/>
  <testcase name="SoftwareQualityAndTestingMenu" time="21.492" classname="Firefox.ServiceMenuTest_Firefox"/>
  <testcase name="ManagedServiceMenu" time="21.789" classname="Firefox.ServiceMenuTest_Firefox"/>
  <testcase name="WebFrontEndMenu" time="31.385" classname="Firefox.ServiceMenuTest_Firefox"/>
  <testcase name="MobileServicesMenu" time="20.634" classname="Firefox.ServiceMenuTest_Firefox"/>
  <testcase name="SoftwareDesignToolsMenu" time="23.677" classname="Firefox.ServiceMenuTest_Firefox"/>
  <testcase name="RubyOnRailsDevelopmentMenu" time="22.440" classname="Firefox.ServiceMenuTest_Firefox"/>
  <testcase name="SoftwareDevelopmentMenu" time="31.292" classname="Firefox.ServiceMenuTest_Firefox"/>
  <testcase name="JavascriptDevelopmentMenu" time="22.293" classname="Firefox.ServiceMenuTest_Firefox"/>
</testsuite> <!-- Firefox.ServiceMenuTest_Firefox -->
