<?xml version="1.0" encoding="UTF-8"?>
<!-- Generated by org.testng.reporters.JUnitReportReporter -->
<testsuite name="Chrome.ProductMenuTest_Chrome" tests="14" time="227.955" ignored="0" failures="0" timestamp="12 Apr 2018 02:27:19 GMT" skipped="0" hostname="MTPC410" errors="0">
  <testcase name="PATIENTADMINSYSTEMMenu" time="22.786" classname="Chrome.ProductMenuTest_Chrome"/>
  <testcase name="MiningSoftwareMenu" time="14.851" classname="Chrome.ProductMenuTest_Chrome"/>
  <testcase name="HISMenu" time="14.273" classname="Chrome.ProductMenuTest_Chrome"/>
  <testcase name="CCLASMenu" time="14.352" classname="Chrome.ProductMenuTest_Chrome"/>
  <testcase name="MEDICALSOFTWAREMenu" time="14.374" classname="Chrome.ProductMenuTest_Chrome"/>
  <testcase name="MINEMARKETMenu" time="15.176" classname="Chrome.ProductMenuTest_Chrome"/>
  <testcase name="ELLIPSEMenu" time="21.212" classname="Chrome.ProductMenuTest_Chrome"/>
  <testcase name="LINKONEMenu" time="15.221" classname="Chrome.ProductMenuTest_Chrome"/>
  <testcase name="SPRYSCHEDULERMenu" time="13.822" classname="Chrome.ProductMenuTest_Chrome"/>
  <testcase name="FINANCEFORHOSPITALMenu" time="14.422" classname="Chrome.ProductMenuTest_Chrome"/>
  <testcase name="CLASICMenu" time="14.374" classname="Chrome.ProductMenuTest_Chrome"/>
  <testcase name="OCCUPATIONALHEALTHMenu" time="16.007" classname="Chrome.ProductMenuTest_Chrome"/>
  <testcase name="MINESCAPEMenu" time="23.319" classname="Chrome.ProductMenuTest_Chrome"/>
  <testcase name="MCATMenu" time="13.766" classname="Chrome.ProductMenuTest_Chrome"/>
</testsuite> <!-- Chrome.ProductMenuTest_Chrome -->
