<?xml version="1.0" encoding="UTF-8"?>
<!-- Generated by org.testng.reporters.JUnitReportReporter -->
<testsuite name="Chrome.ValidateHomepageLink_TEST" tests="2" time="43.032" ignored="0" failures="0" timestamp="20 Mar 2018 22:31:30 GMT" skipped="0" hostname="MTNB225" errors="0">
  <testcase name="ServiceSofDevLink" time="21.522" classname="Chrome.ValidateHomepageLink_TEST"/>
  <testcase name="AboutUsLink" time="21.510" classname="Chrome.ValidateHomepageLink_TEST"/>
</testsuite> <!-- Chrome.ValidateHomepageLink_TEST -->
